<?xml version="1.0" encoding="UTF-8"?>
<TestRun id="00492a90-5dae-459a-8aeb-e41bde946b35" name="lanfengqi@LANFENGQI-PC 2011-10-20 10:41:28" runUser="lanfengqi-PC\lanfengqi" xmlns="http://microsoft.com/schemas/VisualStudio/TeamTest/2010">
  <TestSettings name="Local" id="62a51d66-4f45-4f59-be58-5d0791df9319">
    <Description>These are default test settings for a local test run.</Description>
    <Deployment enabled="false" runDeploymentRoot="lanfengqi_LANFENGQI-PC 2011-10-20 10_41_28">
      <DeploymentItem filename="E:\030.GitHub\020.DCI.2.0\Src\packages\Castle.Core.3.0.0.2001\lib\net40-client\Castle.Core.dll" />
      <DeploymentItem filename="E:\030.GitHub\020.DCI.2.0\Src\packages\Iesi.Collections.3.2.0.4000\lib\Net35\Iesi.Collections.dll" />
      <DeploymentItem filename="E:\030.GitHub\020.DCI.2.0\Src\packages\NHibernate.3.1.0.4000\lib\Net35\NHibernate.dll" />
      <DeploymentItem filename="E:\030.GitHub\020.DCI.2.0\Src\Infrastructure.Data.Seedwork\bin\Debug\Infrastructure.Data.Seedwork.dll" />
      <DeploymentItem filename="E:\030.GitHub\020.DCI.2.0\Src\packages\NHibernate.Castle.3.1.0.4000\lib\Net35\NHibernate.ByteCode.Castle.dll" />
    </Deployment>
    <Execution>
      <TestTypeSpecific />
      <AgentRule name="Execution Agents">
      </AgentRule>
    </Execution>
  </TestSettings>
  <Times creation="2011-10-20T10:41:28.4928009-07:00" queuing="2011-10-20T10:41:29.1178367-07:00" start="2011-10-20T10:41:29.3168481-07:00" finish="2011-10-20T10:41:30.1468955-07:00" />
  <ResultSummary outcome="Failed">
    <Counters total="1" executed="1" error="0" failed="1" timeout="0" aborted="0" inconclusive="0" passedButRunAborted="0" notRunnable="0" notExecuted="0" disconnected="0" warning="0" passed="0" completed="0" inProgress="0" pending="0" />
  </ResultSummary>
  <TestDefinitions>
    <UnitTest name="Current" storage="e:\030.github\020.dci.2.0\src\infrastructure.data.tests\bin\debug\infrastructure.data.tests.dll" id="c2b98c0a-b0fc-2f55-a0b9-2941302aa164">
      <Execution id="08115018-d673-400a-8111-c7deb313ee17" />
      <TestMethod codeBase="E:/030.GitHub/020.DCI.2.0/Src/Infrastructure.Data.Tests/bin/Debug/Infrastructure.Data.Tests.DLL" adapterTypeName="Microsoft.VisualStudio.TestTools.TestTypes.Unit.UnitTestAdapter, Microsoft.VisualStudio.QualityTools.Tips.UnitTest.Adapter, Version=10.0.0.0, Culture=neutral, PublicKeyToken=b03f5f7f11d50a3a" className="Infrastructure.Data.Tests.DatabaseFactoryTest, Infrastructure.Data.Tests, Version=1.0.0.0, Culture=neutral, PublicKeyToken=null" name="Current" />
    </UnitTest>
  </TestDefinitions>
  <TestLists>
    <TestList name="Results Not in a List" id="8c84fa94-04c1-424b-9868-57a2d4851a1d" />
    <TestList name="All Loaded Results" id="19431567-8539-422a-85d7-44ee4e166bda" />
  </TestLists>
  <TestEntries>
    <TestEntry testId="c2b98c0a-b0fc-2f55-a0b9-2941302aa164" executionId="08115018-d673-400a-8111-c7deb313ee17" testListId="8c84fa94-04c1-424b-9868-57a2d4851a1d" />
  </TestEntries>
  <Results>
    <UnitTestResult executionId="08115018-d673-400a-8111-c7deb313ee17" testId="c2b98c0a-b0fc-2f55-a0b9-2941302aa164" testName="Current" computerName="LANFENGQI-PC" duration="00:00:00.1056246" startTime="2011-10-20T10:41:29.3518501-07:00" endTime="2011-10-20T10:41:30.0928925-07:00" testType="13cdc9d9-ddb5-4fa4-a97d-d965ccfc6d4b" outcome="Failed" testListId="8c84fa94-04c1-424b-9868-57a2d4851a1d" relativeResultsDirectory="08115018-d673-400a-8111-c7deb313ee17">
      <Output>
        <ErrorInfo>
          <Message>Test method Infrastructure.Data.Tests.DatabaseFactoryTest.Current threw exception: 
System.IO.FileLoadException: Could not load file or assembly 'NHibernate, Version=3.2.0.4000, Culture=neutral, PublicKeyToken=aa95f207798dfdb4' or one of its dependencies. The located assembly's manifest definition does not match the assembly reference. (Exception from HRESULT: 0x80131040) ---&gt; System.IO.FileLoadException: Could not load file or assembly 'NHibernate, Version=3.1.0.4000, Culture=neutral, PublicKeyToken=aa95f207798dfdb4' or one of its dependencies. The located assembly's manifest definition does not match the assembly reference. (Exception from HRESULT: 0x80131040)</Message>
          <StackTrace> 
 --- End of inner exception stack trace ---
    at Infrastructure.Data.Tests.DatabaseFactoryTest.Current()
</StackTrace>
        </ErrorInfo>
      </Output>
    </UnitTestResult>
  </Results>
</TestRun>