<?xml version="1.0" encoding="UTF-8"?>
<TestRun id="241a1536-b001-4b44-a2e1-d1ae9d99d1b6" name="lanfengqi@LANFENGQI-PC 2011-10-20 10:39:53" runUser="lanfengqi-PC\lanfengqi" xmlns="http://microsoft.com/schemas/VisualStudio/TeamTest/2010">
  <TestSettings name="Local" id="62a51d66-4f45-4f59-be58-5d0791df9319">
    <Description>These are default test settings for a local test run.</Description>
    <Deployment enabled="false" runDeploymentRoot="lanfengqi_LANFENGQI-PC 2011-10-20 10_39_53">
      <DeploymentItem filename="E:\030.GitHub\020.DCI.2.0\Src\packages\Castle.Core.3.0.0.2001\lib\net40-client\Castle.Core.dll" />
      <DeploymentItem filename="E:\030.GitHub\020.DCI.2.0\Src\packages\Iesi.Collections.3.2.0.4000\lib\Net35\Iesi.Collections.dll" />
      <DeploymentItem filename="E:\030.GitHub\020.DCI.2.0\Src\packages\NHibernate.3.1.0.4000\lib\Net35\NHibernate.dll" />
      <DeploymentItem filename="E:\030.GitHub\020.DCI.2.0\Src\Infrastructure.Data.Seedwork\bin\Debug\Infrastructure.Data.Seedwork.dll" />
      <DeploymentItem filename="E:\030.GitHub\020.DCI.2.0\Src\packages\NHibernate.Castle.3.1.0.4000\lib\Net35\NHibernate.ByteCode.Castle.dll" />
    </Deployment>
    <Execution>
      <TestTypeSpecific />
      <AgentRule name="Execution Agents">
      </AgentRule>
    </Execution>
  </TestSettings>
  <Times creation="2011-10-20T10:39:53.3523592-07:00" queuing="2011-10-20T10:39:56.8795610-07:00" start="2011-10-20T10:39:57.2105799-07:00" finish="2011-10-20T10:40:03.9519655-07:00" />
  <ResultSummary outcome="Failed">
    <Counters total="3" executed="3" passed="1" error="0" failed="2" timeout="0" aborted="0" inconclusive="0" passedButRunAborted="0" notRunnable="0" notExecuted="0" disconnected="0" warning="0" completed="0" inProgress="0" pending="0" />
  </ResultSummary>
  <TestDefinitions>
    <UnitTest name="Current" storage="e:\030.github\020.dci.2.0\src\infrastructure.data.tests\bin\debug\infrastructure.data.tests.dll" id="f30cbc05-7cae-09f4-f586-8e4d7db91808">
      <Execution id="ccb52e98-b2e1-46ca-b9cb-f56d1f32d3d9" />
      <TestMethod codeBase="E:/030.GitHub/020.DCI.2.0/Src/Infrastructure.Data.Tests/bin/Debug/Infrastructure.Data.Tests.DLL" adapterTypeName="Microsoft.VisualStudio.TestTools.TestTypes.Unit.UnitTestAdapter, Microsoft.VisualStudio.QualityTools.Tips.UnitTest.Adapter, Version=10.0.0.0, Culture=neutral, PublicKeyToken=b03f5f7f11d50a3a" className="Infrastructure.Data.Tests.DbSnapConfigsTest, Infrastructure.Data.Tests, Version=1.0.0.0, Culture=neutral, PublicKeyToken=null" name="Current" />
    </UnitTest>
    <UnitTest name="GetEnableSnapList" storage="e:\030.github\020.dci.2.0\src\infrastructure.data.tests\bin\debug\infrastructure.data.tests.dll" id="27e46ff3-68e6-f060-cb9e-be33bb098e18">
      <Execution id="0f20472d-2649-41f0-b725-1efc37584035" />
      <TestMethod codeBase="E:/030.GitHub/020.DCI.2.0/Src/Infrastructure.Data.Tests/bin/Debug/Infrastructure.Data.Tests.DLL" adapterTypeName="Microsoft.VisualStudio.TestTools.TestTypes.Unit.UnitTestAdapter, Microsoft.VisualStudio.QualityTools.Tips.UnitTest.Adapter, Version=10.0.0.0, Culture=neutral, PublicKeyToken=b03f5f7f11d50a3a" className="Infrastructure.Data.Tests.DbSnapConfigsTest, Infrastructure.Data.Tests, Version=1.0.0.0, Culture=neutral, PublicKeyToken=null" name="GetEnableSnapList" />
    </UnitTest>
    <UnitTest name="Current" storage="e:\030.github\020.dci.2.0\src\infrastructure.data.tests\bin\debug\infrastructure.data.tests.dll" id="c2b98c0a-b0fc-2f55-a0b9-2941302aa164">
      <Execution id="4e2db06d-e1f4-4ec4-87ce-de4e98bcb6f7" />
      <TestMethod codeBase="E:/030.GitHub/020.DCI.2.0/Src/Infrastructure.Data.Tests/bin/Debug/Infrastructure.Data.Tests.DLL" adapterTypeName="Microsoft.VisualStudio.TestTools.TestTypes.Unit.UnitTestAdapter, Microsoft.VisualStudio.QualityTools.Tips.UnitTest.Adapter, Version=10.0.0.0, Culture=neutral, PublicKeyToken=b03f5f7f11d50a3a" className="Infrastructure.Data.Tests.DatabaseFactoryTest, Infrastructure.Data.Tests, Version=1.0.0.0, Culture=neutral, PublicKeyToken=null" name="Current" />
    </UnitTest>
  </TestDefinitions>
  <TestLists>
    <TestList name="Results Not in a List" id="8c84fa94-04c1-424b-9868-57a2d4851a1d" />
    <TestList name="All Loaded Results" id="19431567-8539-422a-85d7-44ee4e166bda" />
  </TestLists>
  <TestEntries>
    <TestEntry testId="27e46ff3-68e6-f060-cb9e-be33bb098e18" executionId="0f20472d-2649-41f0-b725-1efc37584035" testListId="8c84fa94-04c1-424b-9868-57a2d4851a1d" />
    <TestEntry testId="c2b98c0a-b0fc-2f55-a0b9-2941302aa164" executionId="4e2db06d-e1f4-4ec4-87ce-de4e98bcb6f7" testListId="8c84fa94-04c1-424b-9868-57a2d4851a1d" />
    <TestEntry testId="f30cbc05-7cae-09f4-f586-8e4d7db91808" executionId="ccb52e98-b2e1-46ca-b9cb-f56d1f32d3d9" testListId="8c84fa94-04c1-424b-9868-57a2d4851a1d" />
  </TestEntries>
  <Results>
    <UnitTestResult executionId="0f20472d-2649-41f0-b725-1efc37584035" testId="27e46ff3-68e6-f060-cb9e-be33bb098e18" testName="GetEnableSnapList" computerName="LANFENGQI-PC" duration="00:00:03.9166822" startTime="2011-10-20T10:39:57.4995964-07:00" endTime="2011-10-20T10:40:03.6159463-07:00" testType="13cdc9d9-ddb5-4fa4-a97d-d965ccfc6d4b" outcome="Passed" testListId="8c84fa94-04c1-424b-9868-57a2d4851a1d" relativeResultsDirectory="0f20472d-2649-41f0-b725-1efc37584035">
    </UnitTestResult>
    <UnitTestResult executionId="4e2db06d-e1f4-4ec4-87ce-de4e98bcb6f7" testId="c2b98c0a-b0fc-2f55-a0b9-2941302aa164" testName="Current" computerName="LANFENGQI-PC" duration="00:00:00.0717394" startTime="2011-10-20T10:40:03.6349473-07:00" endTime="2011-10-20T10:40:03.7269526-07:00" testType="13cdc9d9-ddb5-4fa4-a97d-d965ccfc6d4b" outcome="Failed" testListId="8c84fa94-04c1-424b-9868-57a2d4851a1d" relativeResultsDirectory="4e2db06d-e1f4-4ec4-87ce-de4e98bcb6f7">
      <Output>
        <ErrorInfo>
          <Message>Test method Infrastructure.Data.Tests.DatabaseFactoryTest.Current threw exception: 
System.IO.FileLoadException: Could not load file or assembly 'NHibernate, Version=3.2.0.4000, Culture=neutral, PublicKeyToken=aa95f207798dfdb4' or one of its dependencies. The located assembly's manifest definition does not match the assembly reference. (Exception from HRESULT: 0x80131040) ---&gt; System.IO.FileLoadException: Could not load file or assembly 'NHibernate, Version=3.1.0.4000, Culture=neutral, PublicKeyToken=aa95f207798dfdb4' or one of its dependencies. The located assembly's manifest definition does not match the assembly reference. (Exception from HRESULT: 0x80131040)</Message>
          <StackTrace> 
 --- End of inner exception stack trace ---
    at Infrastructure.Data.Tests.DatabaseFactoryTest.Current()
</StackTrace>
        </ErrorInfo>
      </Output>
    </UnitTestResult>
    <UnitTestResult executionId="ccb52e98-b2e1-46ca-b9cb-f56d1f32d3d9" testId="f30cbc05-7cae-09f4-f586-8e4d7db91808" testName="Current" computerName="LANFENGQI-PC" duration="00:00:00.0416921" startTime="2011-10-20T10:40:03.7629547-07:00" endTime="2011-10-20T10:40:03.8279584-07:00" testType="13cdc9d9-ddb5-4fa4-a97d-d965ccfc6d4b" outcome="Failed" testListId="8c84fa94-04c1-424b-9868-57a2d4851a1d" relativeResultsDirectory="ccb52e98-b2e1-46ca-b9cb-f56d1f32d3d9">
      <Output>
        <ErrorInfo>
          <Message>Test method Infrastructure.Data.Tests.DbSnapConfigsTest.Current threw exception: 
System.IO.FileLoadException: Could not load file or assembly 'NHibernate, Version=3.2.0.4000, Culture=neutral, PublicKeyToken=aa95f207798dfdb4' or one of its dependencies. The located assembly's manifest definition does not match the assembly reference. (Exception from HRESULT: 0x80131040) ---&gt; System.IO.FileLoadException: Could not load file or assembly 'NHibernate, Version=3.1.0.4000, Culture=neutral, PublicKeyToken=aa95f207798dfdb4' or one of its dependencies. The located assembly's manifest definition does not match the assembly reference. (Exception from HRESULT: 0x80131040)</Message>
          <StackTrace> 
 --- End of inner exception stack trace ---
    at Infrastructure.Data.Tests.DbSnapConfigsTest.Current()
</StackTrace>
        </ErrorInfo>
      </Output>
    </UnitTestResult>
  </Results>
</TestRun>